Using pre-set license
Built from '2020.3/staging' branch; Version is '2020.3.19f1 (68f137dc9bbe) revision 6877495'; Using compiler version '192528614'; Build Type 'Release'
OS: 'Windows 10 Home China; OS build 19042.1586; Version 2009; 64bit' Language: 'zh' Physical Memory: 8111 MB
BatchMode: 1, IsHumanControllingUs: 0, StartBugReporterOnCrash: 0, Is64bit: 1, IsPro: 0

COMMAND LINE ARGUMENTS:
C:\Program Files\Unity\Hub\Editor\2020.3.19f1\Editor\Unity.exe
-adb2
-batchMode
-noUpm
-name
AssetImportWorker0
-projectPath
E:/大四/Final Year Project/FYP/FYP/Final Year Project
-logFile
Logs/AssetImportWorker0.log
-srvPort
53851
Successfully changed project path to: E:/大四/Final Year Project/FYP/FYP/Final Year Project
E:/大四/Final Year Project/FYP/FYP/Final Year Project
Using Asset Import Pipeline V2.
Refreshing native plugins compatible for Editor in 53.65 ms, found 3 plugins.
Preloading 0 native plugins for Editor in 0.00 ms.
Initialize engine version: 2020.3.19f1 (68f137dc9bbe)
[Subsystems] Discovering subsystems at path C:/Program Files/Unity/Hub/Editor/2020.3.19f1/Editor/Data/Resources/UnitySubsystems
[Subsystems] Discovering subsystems at path E:/大四/Final Year Project/FYP/FYP/Final Year Project/Assets
GfxDevice: creating device client; threaded=0
Direct3D:
    Version:  Direct3D 11.0 [level 11.1]
    Renderer: NVIDIA GeForce GTX 1050 (ID=0x1c8d)
    Vendor:   
    VRAM:     4021 MB
    Driver:   30.0.14.7196
Initialize mono
Mono path[0] = 'C:/Program Files/Unity/Hub/Editor/2020.3.19f1/Editor/Data/Managed'
Mono path[1] = 'C:/Program Files/Unity/Hub/Editor/2020.3.19f1/Editor/Data/MonoBleedingEdge/lib/mono/unityjit'
Mono config path = 'C:/Program Files/Unity/Hub/Editor/2020.3.19f1/Editor/Data/MonoBleedingEdge/etc'
Using monoOptions --debugger-agent=transport=dt_socket,embedding=1,server=y,suspend=n,address=127.0.0.1:56428
Begin MonoManager ReloadAssembly
Registering precompiled unity dll's ...
Register platform support module: C:/Program Files/Unity/Hub/Editor/2020.3.19f1/Editor/Data/PlaybackEngines/WindowsStandaloneSupport/UnityEditor.WindowsStandalone.Extensions.dll
Registered in 0.002959 seconds.
Native extension for WindowsStandalone target not found
Refreshing native plugins compatible for Editor in 45.98 ms, found 3 plugins.
Preloading 0 native plugins for Editor in 0.00 ms.
Mono: successfully reloaded assembly
- Completed reload, in  1.341 seconds
Domain Reload Profiling:
	ReloadAssembly (1341ms)
		BeginReloadAssembly (63ms)
			ExecutionOrderSort (0ms)
			DisableScriptedObjects (0ms)
			BackupInstance (0ms)
			ReleaseScriptingObjects (0ms)
			CreateAndSetChildDomain (1ms)
		EndReloadAssembly (455ms)
			LoadAssemblies (59ms)
			RebuildTransferFunctionScriptingTraits (0ms)
			SetupTypeCache (172ms)
			ReleaseScriptCaches (0ms)
			RebuildScriptCaches (34ms)
			SetupLoadedEditorAssemblies (177ms)
				LogAssemblyErrors (0ms)
				InitializePlatformSupportModulesInManaged (5ms)
				SetLoadedEditorAssemblies (0ms)
				RefreshPlugins (46ms)
				BeforeProcessingInitializeOnLoad (10ms)
				ProcessInitializeOnLoadAttributes (85ms)
				ProcessInitializeOnLoadMethodAttributes (31ms)
				AfterProcessingInitializeOnLoad (0ms)
				EditorAssembliesLoaded (0ms)
			ExecutionOrderSort2 (0ms)
			AwakeInstancesAfterBackupRestoration (0ms)
Platform modules already initialized, skipping
Registering precompiled user dll's ...
Registered in 0.002749 seconds.
Begin MonoManager ReloadAssembly
Native extension for WindowsStandalone target not found
Refreshing native plugins compatible for Editor in 44.47 ms, found 3 plugins.
Preloading 0 native plugins for Editor in 0.00 ms.
Mono: successfully reloaded assembly
- Completed reload, in  1.196 seconds
Domain Reload Profiling:
	ReloadAssembly (1198ms)
		BeginReloadAssembly (160ms)
			ExecutionOrderSort (0ms)
			DisableScriptedObjects (5ms)
			BackupInstance (0ms)
			ReleaseScriptingObjects (0ms)
			CreateAndSetChildDomain (20ms)
		EndReloadAssembly (969ms)
			LoadAssemblies (102ms)
			RebuildTransferFunctionScriptingTraits (0ms)
			SetupTypeCache (323ms)
			ReleaseScriptCaches (0ms)
			RebuildScriptCaches (50ms)
			SetupLoadedEditorAssemblies (372ms)
				LogAssemblyErrors (0ms)
				InitializePlatformSupportModulesInManaged (4ms)
				SetLoadedEditorAssemblies (0ms)
				RefreshPlugins (45ms)
				BeforeProcessingInitializeOnLoad (71ms)
				ProcessInitializeOnLoadAttributes (227ms)
				ProcessInitializeOnLoadMethodAttributes (14ms)
				AfterProcessingInitializeOnLoad (11ms)
				EditorAssembliesLoaded (0ms)
			ExecutionOrderSort2 (0ms)
			AwakeInstancesAfterBackupRestoration (7ms)
Platform modules already initialized, skipping
========================================================================
Worker process is ready to serve import requests
Launched and connected shader compiler UnityShaderCompiler.exe after 0.08 seconds
Refreshing native plugins compatible for Editor in 0.59 ms, found 3 plugins.
Preloading 0 native plugins for Editor in 0.00 ms.
Unloading 2155 Unused Serialized files (Serialized files now loaded: 0)
System memory in use before: 96.7 MB.
System memory in use after: 96.7 MB.

Unloading 26 unused Assets to reduce memory usage. Loaded Objects now: 2596.
Total: 3.427500 ms (FindLiveObjects: 0.215500 ms CreateObjectMapping: 0.074100 ms MarkObjects: 3.034600 ms  DeleteObjects: 0.102300 ms)

AssetImportParameters requested are different than current active one (requested -> active):
  custom:framework-win-MediaFoundation: 216162199b28c13a410421893ffa2e32 -> 
  custom:video-decoder-ogg-theora: a1e56fd34408186e4bbccfd4996cb3dc -> 
  custom:container-muxer-webm: aa71ff27fc2769a1b78a27578f13a17b -> 
  custom:container-demuxer-webm: 4f35f7cbe854078d1ac9338744f61a02 -> 
  custom:container-demuxer-ogg: 62fdf1f143b41e24485cea50d1cbac27 -> 
  custom:video-encoder-webm-vp8: eb34c28f22e8b96e1ab97ce403110664 -> 
  custom:video-decoder-webm-vp8: 9c59270c3fd7afecdb556c50c9e8de78 -> 
  custom:audio-decoder-ogg-vorbis: bf7c407c2cedff20999df2af8eb42d56 -> 
  custom:audio-encoder-webm-vorbis: bf7c407c2cedff20999df2af8eb42d56 -> 
========================================================================
Received Import Request.
  path: Assets/ScriptableObject/Door Key.asset
  artifactKey: Guid(38160274a4416cc4695761e1fe611bda) Importer(815301076,1909f56bfc062723c751e8b465ee728b)
Start importing Assets/ScriptableObject/Door Key.asset using Guid(38160274a4416cc4695761e1fe611bda) Importer(815301076,1909f56bfc062723c751e8b465ee728b)  -> (artifact id: '76049897e6ca4028d2344caef5b95d7b') in 0.041286 seconds 
  Import took 0.066351 seconds .

========================================================================
Received Import Request.
  Time since last request: 792.507668 seconds.
  path: Assets/Source/TileAssets/chara1..png
  artifactKey: Guid(c063d7eeaf19a2447baab8daf927aecf) Importer(815301076,1909f56bfc062723c751e8b465ee728b)
Start importing Assets/Source/TileAssets/chara1..png using Guid(c063d7eeaf19a2447baab8daf927aecf) Importer(815301076,1909f56bfc062723c751e8b465ee728b)  -> (artifact id: 'd3e7745215c05cfe085faf6e54805de2') in 0.117461 seconds 
  Import took 0.147134 seconds .

========================================================================
Received Import Request.
  Time since last request: 19.911802 seconds.
  path: Assets/Source/TileAssets/chara1..png
  artifactKey: Guid(c063d7eeaf19a2447baab8daf927aecf) Importer(815301076,1909f56bfc062723c751e8b465ee728b)
Start importing Assets/Source/TileAssets/chara1..png using Guid(c063d7eeaf19a2447baab8daf927aecf) Importer(815301076,1909f56bfc062723c751e8b465ee728b)  -> (artifact id: 'aef37ca6a425f3dfbd6e7d0317550d91') in 0.011560 seconds 
  Import took 0.030232 seconds .

========================================================================
Received Import Request.
  Time since last request: 29.493696 seconds.
  path: Assets/Source/TileAssets/chara1..png
  artifactKey: Guid(c063d7eeaf19a2447baab8daf927aecf) Importer(815301076,1909f56bfc062723c751e8b465ee728b)
Start importing Assets/Source/TileAssets/chara1..png using Guid(c063d7eeaf19a2447baab8daf927aecf) Importer(815301076,1909f56bfc062723c751e8b465ee728b)  -> (artifact id: '17d59fc8379c9ad1ef0ac413d66b9392') in 0.151892 seconds 
  Import took 0.178667 seconds .

========================================================================
Received Import Request.
  Time since last request: 61.096295 seconds.
  path: Assets/Source/TileAssets/chara1..png
  artifactKey: Guid(c063d7eeaf19a2447baab8daf927aecf) Importer(815301076,1909f56bfc062723c751e8b465ee728b)
Start importing Assets/Source/TileAssets/chara1..png using Guid(c063d7eeaf19a2447baab8daf927aecf) Importer(815301076,1909f56bfc062723c751e8b465ee728b)  -> (artifact id: 'f27561e48ca5057cf165ad77bfef5bcc') in 0.135446 seconds 
  Import took 0.155684 seconds .

========================================================================
Received Import Request.
  Time since last request: 51.333823 seconds.
  path: Assets/Source/TileAssets/chara1..png
  artifactKey: Guid(c063d7eeaf19a2447baab8daf927aecf) Importer(815301076,1909f56bfc062723c751e8b465ee728b)
Start importing Assets/Source/TileAssets/chara1..png using Guid(c063d7eeaf19a2447baab8daf927aecf) Importer(815301076,1909f56bfc062723c751e8b465ee728b)  -> (artifact id: '2b7c0bdd4babc3be43abb473a12cc925') in 0.128928 seconds 
  Import took 0.154781 seconds .

========================================================================
Received Import Request.
  Time since last request: 481.203722 seconds.
  path: Assets/Source/TileAssets/chara1..png
  artifactKey: Guid(c063d7eeaf19a2447baab8daf927aecf) Importer(815301076,1909f56bfc062723c751e8b465ee728b)
Start importing Assets/Source/TileAssets/chara1..png using Guid(c063d7eeaf19a2447baab8daf927aecf) Importer(815301076,1909f56bfc062723c751e8b465ee728b)  -> (artifact id: '141d29a364d8e27f54514cab54340b79') in 0.014982 seconds 
  Import took 0.026546 seconds .

========================================================================
Received Import Request.
  Time since last request: 5.360437 seconds.
  path: Assets/Source/TileAssets/chara1..png
  artifactKey: Guid(c063d7eeaf19a2447baab8daf927aecf) Importer(815301076,1909f56bfc062723c751e8b465ee728b)
Start importing Assets/Source/TileAssets/chara1..png using Guid(c063d7eeaf19a2447baab8daf927aecf) Importer(815301076,1909f56bfc062723c751e8b465ee728b)  -> (artifact id: '7618e5db2f70ea83a9f0d00c41e1c615') in 0.009558 seconds 
  Import took 0.014186 seconds .

========================================================================
Received Import Request.
  Time since last request: 58.325175 seconds.
  path: Assets/Source/TileAssets/chara1..png
  artifactKey: Guid(c063d7eeaf19a2447baab8daf927aecf) Importer(815301076,1909f56bfc062723c751e8b465ee728b)
Start importing Assets/Source/TileAssets/chara1..png using Guid(c063d7eeaf19a2447baab8daf927aecf) Importer(815301076,1909f56bfc062723c751e8b465ee728b)  -> (artifact id: '5c02bf35d14b115601daacc438f2c1f5') in 0.008570 seconds 
  Import took 0.029140 seconds .

========================================================================
Received Import Request.
  Time since last request: 164.901643 seconds.
  path: Assets/Source/TileAssets/chara1. 1.png
  artifactKey: Guid(e879959cf094d8c41906614c1842849f) Importer(815301076,1909f56bfc062723c751e8b465ee728b)
Start importing Assets/Source/TileAssets/chara1. 1.png using Guid(e879959cf094d8c41906614c1842849f) Importer(815301076,1909f56bfc062723c751e8b465ee728b)  -> (artifact id: '19935daeaa61458850fc71ac0dd35648') in 0.020357 seconds 
  Import took 0.046000 seconds .

========================================================================
Received Import Request.
  Time since last request: 24.091274 seconds.
  path: Assets/Source/TileAssets/chara1. 1.png
  artifactKey: Guid(e879959cf094d8c41906614c1842849f) Importer(815301076,1909f56bfc062723c751e8b465ee728b)
Start importing Assets/Source/TileAssets/chara1. 1.png using Guid(e879959cf094d8c41906614c1842849f) Importer(815301076,1909f56bfc062723c751e8b465ee728b)  -> (artifact id: 'e199bb4653d88f81f396465fd3816373') in 0.011450 seconds 
  Import took 0.028659 seconds .

========================================================================
Received Import Request.
  Time since last request: 14.164069 seconds.
  path: Assets/Source/TileAssets/chara1. 1.png
  artifactKey: Guid(e879959cf094d8c41906614c1842849f) Importer(815301076,1909f56bfc062723c751e8b465ee728b)
Start importing Assets/Source/TileAssets/chara1. 1.png using Guid(e879959cf094d8c41906614c1842849f) Importer(815301076,1909f56bfc062723c751e8b465ee728b)  -> (artifact id: '26d2df6788431b2f4457ce015d689781') in 0.030455 seconds 
  Import took 0.055159 seconds .

========================================================================
Received Import Request.
  Time since last request: 27.441284 seconds.
  path: Assets/Source/TileAssets/AttackDown.png
  artifactKey: Guid(e879959cf094d8c41906614c1842849f) Importer(815301076,1909f56bfc062723c751e8b465ee728b)
Start importing Assets/Source/TileAssets/AttackDown.png using Guid(e879959cf094d8c41906614c1842849f) Importer(815301076,1909f56bfc062723c751e8b465ee728b)  -> (artifact id: '34f14b536cad52d09c751e6da550a96e') in 0.026848 seconds 
  Import took 0.061263 seconds .

========================================================================
Received Import Request.
  Time since last request: 128.980768 seconds.
  path: Assets/Source/TileAssets/AttackUp.png
  artifactKey: Guid(a7347a4f0fcf163478477578382dad69) Importer(815301076,1909f56bfc062723c751e8b465ee728b)
Start importing Assets/Source/TileAssets/AttackUp.png using Guid(a7347a4f0fcf163478477578382dad69) Importer(815301076,1909f56bfc062723c751e8b465ee728b)  -> (artifact id: '7a31e7567c8d676383f020cd8b4a91a3') in 0.032154 seconds 
  Import took 0.056455 seconds .

========================================================================
Received Import Request.
  Time since last request: 13.662596 seconds.
  path: Assets/Source/TileAssets/AttackUp.png
  artifactKey: Guid(a7347a4f0fcf163478477578382dad69) Importer(815301076,1909f56bfc062723c751e8b465ee728b)
Start importing Assets/Source/TileAssets/AttackUp.png using Guid(a7347a4f0fcf163478477578382dad69) Importer(815301076,1909f56bfc062723c751e8b465ee728b)  -> (artifact id: 'e15e0599f83083de01602fbc61bff08e') in 0.010234 seconds 
  Import took 0.014811 seconds .

========================================================================
Received Import Request.
  Time since last request: 7.129143 seconds.
  path: Assets/Source/TileAssets/AttackUp.png
  artifactKey: Guid(a7347a4f0fcf163478477578382dad69) Importer(815301076,1909f56bfc062723c751e8b465ee728b)
Start importing Assets/Source/TileAssets/AttackUp.png using Guid(a7347a4f0fcf163478477578382dad69) Importer(815301076,1909f56bfc062723c751e8b465ee728b)  -> (artifact id: 'fd64a27bcbf2a12a4c5d640a69373838') in 0.027922 seconds 
  Import took 0.038588 seconds .

========================================================================
Received Import Request.
  Time since last request: 108.285641 seconds.
  path: Assets/Source/TileAssets/LeftRigthAttack.png
  artifactKey: Guid(59127aad9930a9e41823a80e588b11b7) Importer(815301076,1909f56bfc062723c751e8b465ee728b)
Start importing Assets/Source/TileAssets/LeftRigthAttack.png using Guid(59127aad9930a9e41823a80e588b11b7) Importer(815301076,1909f56bfc062723c751e8b465ee728b)  -> (artifact id: 'c3e701701b423f27fc6da4cca920b125') in 0.016880 seconds 
  Import took 0.037300 seconds .

========================================================================
Received Import Request.
  Time since last request: 16.259664 seconds.
  path: Assets/Source/TileAssets/LeftRigthAttack.png
  artifactKey: Guid(59127aad9930a9e41823a80e588b11b7) Importer(815301076,1909f56bfc062723c751e8b465ee728b)
Start importing Assets/Source/TileAssets/LeftRigthAttack.png using Guid(59127aad9930a9e41823a80e588b11b7) Importer(815301076,1909f56bfc062723c751e8b465ee728b)  -> (artifact id: '898e482d06454d392c87798892a66595') in 0.010729 seconds 
  Import took 0.033003 seconds .

========================================================================
Received Import Request.
  Time since last request: 5.378437 seconds.
  path: Assets/Source/TileAssets/LeftRigthAttack.png
  artifactKey: Guid(59127aad9930a9e41823a80e588b11b7) Importer(815301076,1909f56bfc062723c751e8b465ee728b)
Start importing Assets/Source/TileAssets/LeftRigthAttack.png using Guid(59127aad9930a9e41823a80e588b11b7) Importer(815301076,1909f56bfc062723c751e8b465ee728b)  -> (artifact id: '52813e9ca0c33a101e5bc50ce5532355') in 0.040010 seconds 
  Import took 0.055319 seconds .

========================================================================
Received Import Request.
  Time since last request: 183.297029 seconds.
  path: Assets/Source/Animation/AttackRight.anim
  artifactKey: Guid(e7721dd1a2fbdbe4fb03bd788e41723e) Importer(815301076,1909f56bfc062723c751e8b465ee728b)
Start importing Assets/Source/Animation/AttackRight.anim using Guid(e7721dd1a2fbdbe4fb03bd788e41723e) Importer(815301076,1909f56bfc062723c751e8b465ee728b)  -> (artifact id: 'c6d4226c6c083fb4c2947467c7979133') in 0.005550 seconds 
  Import took 0.041554 seconds .

========================================================================
Received Import Request.
  Time since last request: 9.346477 seconds.
  path: Assets/Source/Animation/AttackLeft.anim
  artifactKey: Guid(25d6185a1fadc02439f80cba948653ca) Importer(815301076,1909f56bfc062723c751e8b465ee728b)
Start importing Assets/Source/Animation/AttackLeft.anim using Guid(25d6185a1fadc02439f80cba948653ca) Importer(815301076,1909f56bfc062723c751e8b465ee728b)  -> (artifact id: '891ad085faecd7d0926361a902c949a4') in 0.004110 seconds 
  Import took 0.011139 seconds .

========================================================================
Received Import Request.
  Time since last request: 42.783111 seconds.
  path: Assets/Source/Animation/AttackLeft1.anim
  artifactKey: Guid(25d6185a1fadc02439f80cba948653ca) Importer(815301076,1909f56bfc062723c751e8b465ee728b)
Start importing Assets/Source/Animation/AttackLeft1.anim using Guid(25d6185a1fadc02439f80cba948653ca) Importer(815301076,1909f56bfc062723c751e8b465ee728b)  -> (artifact id: '306223257a85889a619f4f33ff1709bf') in 0.003601 seconds 
  Import took 0.011241 seconds .

========================================================================
Received Import Request.
  Time since last request: 6.737430 seconds.
  path: Assets/Source/Animation/AttackLeft.anim
  artifactKey: Guid(e7721dd1a2fbdbe4fb03bd788e41723e) Importer(815301076,1909f56bfc062723c751e8b465ee728b)
Start importing Assets/Source/Animation/AttackLeft.anim using Guid(e7721dd1a2fbdbe4fb03bd788e41723e) Importer(815301076,1909f56bfc062723c751e8b465ee728b)  -> (artifact id: '2ce468d5db71aefedbe7c6887795edcf') in 0.002545 seconds 
  Import took 0.009102 seconds .

========================================================================
Received Import Request.
  Time since last request: 9.669043 seconds.
  path: Assets/Source/Animation/AttackRight.anim
  artifactKey: Guid(25d6185a1fadc02439f80cba948653ca) Importer(815301076,1909f56bfc062723c751e8b465ee728b)
Start importing Assets/Source/Animation/AttackRight.anim using Guid(25d6185a1fadc02439f80cba948653ca) Importer(815301076,1909f56bfc062723c751e8b465ee728b)  -> (artifact id: 'ffa3507b358d5974c0b73ae52cca7ec8') in 0.003890 seconds 
  Import took 0.012263 seconds .

========================================================================
Received Prepare
Registering precompiled user dll's ...
Registered in 0.003768 seconds.
Begin MonoManager ReloadAssembly
Native extension for WindowsStandalone target not found
Refreshing native plugins compatible for Editor in 0.72 ms, found 3 plugins.
Preloading 0 native plugins for Editor in 0.00 ms.
Mono: successfully reloaded assembly
- Completed reload, in  1.729 seconds
Domain Reload Profiling:
	ReloadAssembly (1730ms)
		BeginReloadAssembly (374ms)
			ExecutionOrderSort (0ms)
			DisableScriptedObjects (17ms)
			BackupInstance (0ms)
			ReleaseScriptingObjects (0ms)
			CreateAndSetChildDomain (208ms)
		EndReloadAssembly (1264ms)
			LoadAssemblies (141ms)
			RebuildTransferFunctionScriptingTraits (0ms)
			SetupTypeCache (350ms)
			ReleaseScriptCaches (1ms)
			RebuildScriptCaches (77ms)
			SetupLoadedEditorAssemblies (521ms)
				LogAssemblyErrors (0ms)
				InitializePlatformSupportModulesInManaged (6ms)
				SetLoadedEditorAssemblies (1ms)
				RefreshPlugins (1ms)
				BeforeProcessingInitializeOnLoad (67ms)
				ProcessInitializeOnLoadAttributes (426ms)
				ProcessInitializeOnLoadMethodAttributes (10ms)
				AfterProcessingInitializeOnLoad (10ms)
				EditorAssembliesLoaded (0ms)
			ExecutionOrderSort2 (0ms)
			AwakeInstancesAfterBackupRestoration (13ms)
Platform modules already initialized, skipping
Refreshing native plugins compatible for Editor in 0.51 ms, found 3 plugins.
Preloading 0 native plugins for Editor in 0.00 ms.
Unloading 2132 Unused Serialized files (Serialized files now loaded: 0)
System memory in use before: 97.8 MB.
System memory in use after: 97.9 MB.

Unloading 14 unused Assets to reduce memory usage. Loaded Objects now: 2613.
Total: 3.440800 ms (FindLiveObjects: 0.226200 ms CreateObjectMapping: 0.078600 ms MarkObjects: 3.085200 ms  DeleteObjects: 0.049900 ms)

AssetImportParameters requested are different than current active one (requested -> active):
  custom:framework-win-MediaFoundation: 216162199b28c13a410421893ffa2e32 -> 
  custom:video-decoder-ogg-theora: a1e56fd34408186e4bbccfd4996cb3dc -> 
  custom:container-muxer-webm: aa71ff27fc2769a1b78a27578f13a17b -> 
  custom:container-demuxer-webm: 4f35f7cbe854078d1ac9338744f61a02 -> 
  custom:container-demuxer-ogg: 62fdf1f143b41e24485cea50d1cbac27 -> 
  custom:video-encoder-webm-vp8: eb34c28f22e8b96e1ab97ce403110664 -> 
  custom:video-decoder-webm-vp8: 9c59270c3fd7afecdb556c50c9e8de78 -> 
  custom:audio-decoder-ogg-vorbis: bf7c407c2cedff20999df2af8eb42d56 -> 
  custom:audio-encoder-webm-vorbis: bf7c407c2cedff20999df2af8eb42d56 -> 
========================================================================
Received Prepare
Registering precompiled user dll's ...
Registered in 0.002800 seconds.
Begin MonoManager ReloadAssembly
Native extension for WindowsStandalone target not found
Refreshing native plugins compatible for Editor in 1.89 ms, found 3 plugins.
Preloading 0 native plugins for Editor in 0.00 ms.
Mono: successfully reloaded assembly
- Completed reload, in  1.479 seconds
Domain Reload Profiling:
	ReloadAssembly (1479ms)
		BeginReloadAssembly (214ms)
			ExecutionOrderSort (0ms)
			DisableScriptedObjects (10ms)
			BackupInstance (0ms)
			ReleaseScriptingObjects (0ms)
			CreateAndSetChildDomain (59ms)
		EndReloadAssembly (1182ms)
			LoadAssemblies (176ms)
			RebuildTransferFunctionScriptingTraits (0ms)
			SetupTypeCache (488ms)
			ReleaseScriptCaches (1ms)
			RebuildScriptCaches (64ms)
			SetupLoadedEditorAssemblies (373ms)
				LogAssemblyErrors (0ms)
				InitializePlatformSupportModulesInManaged (7ms)
				SetLoadedEditorAssemblies (1ms)
				RefreshPlugins (2ms)
				BeforeProcessingInitializeOnLoad (67ms)
				ProcessInitializeOnLoadAttributes (280ms)
				ProcessInitializeOnLoadMethodAttributes (6ms)
				AfterProcessingInitializeOnLoad (10ms)
				EditorAssembliesLoaded (0ms)
			ExecutionOrderSort2 (0ms)
			AwakeInstancesAfterBackupRestoration (13ms)
Platform modules already initialized, skipping
Refreshing native plugins compatible for Editor in 0.52 ms, found 3 plugins.
Preloading 0 native plugins for Editor in 0.00 ms.
Unloading 2132 Unused Serialized files (Serialized files now loaded: 0)
System memory in use before: 97.8 MB.
System memory in use after: 98.0 MB.

Unloading 14 unused Assets to reduce memory usage. Loaded Objects now: 2616.
Total: 3.817200 ms (FindLiveObjects: 0.206900 ms CreateObjectMapping: 0.076900 ms MarkObjects: 3.482200 ms  DeleteObjects: 0.049900 ms)

AssetImportParameters requested are different than current active one (requested -> active):
  custom:framework-win-MediaFoundation: 216162199b28c13a410421893ffa2e32 -> 
  custom:video-decoder-ogg-theora: a1e56fd34408186e4bbccfd4996cb3dc -> 
  custom:container-muxer-webm: aa71ff27fc2769a1b78a27578f13a17b -> 
  custom:container-demuxer-webm: 4f35f7cbe854078d1ac9338744f61a02 -> 
  custom:container-demuxer-ogg: 62fdf1f143b41e24485cea50d1cbac27 -> 
  custom:video-encoder-webm-vp8: eb34c28f22e8b96e1ab97ce403110664 -> 
  custom:video-decoder-webm-vp8: 9c59270c3fd7afecdb556c50c9e8de78 -> 
  custom:audio-decoder-ogg-vorbis: bf7c407c2cedff20999df2af8eb42d56 -> 
  custom:audio-encoder-webm-vorbis: bf7c407c2cedff20999df2af8eb42d56 -> 
========================================================================
Received Prepare
Registering precompiled user dll's ...
Registered in 0.003926 seconds.
Begin MonoManager ReloadAssembly
Native extension for WindowsStandalone target not found
Refreshing native plugins compatible for Editor in 0.47 ms, found 3 plugins.
Preloading 0 native plugins for Editor in 0.00 ms.
Mono: successfully reloaded assembly
- Completed reload, in  1.241 seconds
Domain Reload Profiling:
	ReloadAssembly (1242ms)
		BeginReloadAssembly (150ms)
			ExecutionOrderSort (0ms)
			DisableScriptedObjects (8ms)
			BackupInstance (0ms)
			ReleaseScriptingObjects (0ms)
			CreateAndSetChildDomain (43ms)
		EndReloadAssembly (1009ms)
			LoadAssemblies (126ms)
			RebuildTransferFunctionScriptingTraits (0ms)
			SetupTypeCache (396ms)
			ReleaseScriptCaches (1ms)
			RebuildScriptCaches (47ms)
			SetupLoadedEditorAssemblies (326ms)
				LogAssemblyErrors (0ms)
				InitializePlatformSupportModulesInManaged (6ms)
				SetLoadedEditorAssemblies (1ms)
				RefreshPlugins (1ms)
				BeforeProcessingInitializeOnLoad (69ms)
				ProcessInitializeOnLoadAttributes (234ms)
				ProcessInitializeOnLoadMethodAttributes (7ms)
				AfterProcessingInitializeOnLoad (10ms)
				EditorAssembliesLoaded (0ms)
			ExecutionOrderSort2 (0ms)
			AwakeInstancesAfterBackupRestoration (11ms)
Platform modules already initialized, skipping
Refreshing native plugins compatible for Editor in 0.52 ms, found 3 plugins.
Preloading 0 native plugins for Editor in 0.00 ms.
Unloading 2132 Unused Serialized files (Serialized files now loaded: 0)
System memory in use before: 97.9 MB.
System memory in use after: 98.0 MB.

Unloading 14 unused Assets to reduce memory usage. Loaded Objects now: 2619.
Total: 3.531600 ms (FindLiveObjects: 0.294700 ms CreateObjectMapping: 0.087300 ms MarkObjects: 3.104500 ms  DeleteObjects: 0.044000 ms)

AssetImportParameters requested are different than current active one (requested -> active):
  custom:framework-win-MediaFoundation: 216162199b28c13a410421893ffa2e32 -> 
  custom:video-decoder-ogg-theora: a1e56fd34408186e4bbccfd4996cb3dc -> 
  custom:container-muxer-webm: aa71ff27fc2769a1b78a27578f13a17b -> 
  custom:container-demuxer-webm: 4f35f7cbe854078d1ac9338744f61a02 -> 
  custom:container-demuxer-ogg: 62fdf1f143b41e24485cea50d1cbac27 -> 
  custom:video-encoder-webm-vp8: eb34c28f22e8b96e1ab97ce403110664 -> 
  custom:video-decoder-webm-vp8: 9c59270c3fd7afecdb556c50c9e8de78 -> 
  custom:audio-decoder-ogg-vorbis: bf7c407c2cedff20999df2af8eb42d56 -> 
  custom:audio-encoder-webm-vorbis: bf7c407c2cedff20999df2af8eb42d56 -> 
========================================================================
Received Prepare
Registering precompiled user dll's ...
Registered in 0.002880 seconds.
Begin MonoManager ReloadAssembly
Native extension for WindowsStandalone target not found
Refreshing native plugins compatible for Editor in 0.50 ms, found 3 plugins.
Preloading 0 native plugins for Editor in 0.00 ms.
Mono: successfully reloaded assembly
- Completed reload, in  1.171 seconds
Domain Reload Profiling:
	ReloadAssembly (1172ms)
		BeginReloadAssembly (129ms)
			ExecutionOrderSort (0ms)
			DisableScriptedObjects (8ms)
			BackupInstance (0ms)
			ReleaseScriptingObjects (0ms)
			CreateAndSetChildDomain (38ms)
		EndReloadAssembly (974ms)
			LoadAssemblies (99ms)
			RebuildTransferFunctionScriptingTraits (0ms)
			SetupTypeCache (349ms)
			ReleaseScriptCaches (1ms)
			RebuildScriptCaches (48ms)
			SetupLoadedEditorAssemblies (369ms)
				LogAssemblyErrors (0ms)
				InitializePlatformSupportModulesInManaged (5ms)
				SetLoadedEditorAssemblies (0ms)
				RefreshPlugins (1ms)
				BeforeProcessingInitializeOnLoad (66ms)
				ProcessInitializeOnLoadAttributes (278ms)
				ProcessInitializeOnLoadMethodAttributes (6ms)
				AfterProcessingInitializeOnLoad (12ms)
				EditorAssembliesLoaded (0ms)
			ExecutionOrderSort2 (0ms)
			AwakeInstancesAfterBackupRestoration (11ms)
Platform modules already initialized, skipping
Refreshing native plugins compatible for Editor in 0.58 ms, found 3 plugins.
Preloading 0 native plugins for Editor in 0.00 ms.
Unloading 2132 Unused Serialized files (Serialized files now loaded: 0)
System memory in use before: 97.9 MB.
System memory in use after: 98.0 MB.

Unloading 14 unused Assets to reduce memory usage. Loaded Objects now: 2622.
Total: 3.966400 ms (FindLiveObjects: 0.273100 ms CreateObjectMapping: 0.083000 ms MarkObjects: 3.557000 ms  DeleteObjects: 0.052200 ms)

AssetImportParameters requested are different than current active one (requested -> active):
  custom:framework-win-MediaFoundation: 216162199b28c13a410421893ffa2e32 -> 
  custom:video-decoder-ogg-theora: a1e56fd34408186e4bbccfd4996cb3dc -> 
  custom:container-muxer-webm: aa71ff27fc2769a1b78a27578f13a17b -> 
  custom:container-demuxer-webm: 4f35f7cbe854078d1ac9338744f61a02 -> 
  custom:container-demuxer-ogg: 62fdf1f143b41e24485cea50d1cbac27 -> 
  custom:video-encoder-webm-vp8: eb34c28f22e8b96e1ab97ce403110664 -> 
  custom:video-decoder-webm-vp8: 9c59270c3fd7afecdb556c50c9e8de78 -> 
  custom:audio-decoder-ogg-vorbis: bf7c407c2cedff20999df2af8eb42d56 -> 
  custom:audio-encoder-webm-vorbis: bf7c407c2cedff20999df2af8eb42d56 -> 
========================================================================
Received Prepare
Registering precompiled user dll's ...
Registered in 0.002922 seconds.
Begin MonoManager ReloadAssembly
Native extension for WindowsStandalone target not found
Refreshing native plugins compatible for Editor in 0.48 ms, found 3 plugins.
Preloading 0 native plugins for Editor in 0.00 ms.
Mono: successfully reloaded assembly
- Completed reload, in  1.293 seconds
Domain Reload Profiling:
	ReloadAssembly (1293ms)
		BeginReloadAssembly (157ms)
			ExecutionOrderSort (0ms)
			DisableScriptedObjects (11ms)
			BackupInstance (0ms)
			ReleaseScriptingObjects (0ms)
			CreateAndSetChildDomain (46ms)
		EndReloadAssembly (1063ms)
			LoadAssemblies (134ms)
			RebuildTransferFunctionScriptingTraits (0ms)
			SetupTypeCache (435ms)
			ReleaseScriptCaches (1ms)
			RebuildScriptCaches (51ms)
			SetupLoadedEditorAssemblies (336ms)
				LogAssemblyErrors (0ms)
				InitializePlatformSupportModulesInManaged (7ms)
				SetLoadedEditorAssemblies (1ms)
				RefreshPlugins (1ms)
				BeforeProcessingInitializeOnLoad (70ms)
				ProcessInitializeOnLoadAttributes (240ms)
				ProcessInitializeOnLoadMethodAttributes (7ms)
				AfterProcessingInitializeOnLoad (11ms)
				EditorAssembliesLoaded (0ms)
			ExecutionOrderSort2 (0ms)
			AwakeInstancesAfterBackupRestoration (12ms)
Platform modules already initialized, skipping
Refreshing native plugins compatible for Editor in 0.55 ms, found 3 plugins.
Preloading 0 native plugins for Editor in 0.00 ms.
Unloading 2132 Unused Serialized files (Serialized files now loaded: 0)
System memory in use before: 97.9 MB.
System memory in use after: 98.0 MB.

Unloading 14 unused Assets to reduce memory usage. Loaded Objects now: 2625.
Total: 5.014200 ms (FindLiveObjects: 0.261400 ms CreateObjectMapping: 0.118000 ms MarkObjects: 4.590600 ms  DeleteObjects: 0.042400 ms)

AssetImportParameters requested are different than current active one (requested -> active):
  custom:framework-win-MediaFoundation: 216162199b28c13a410421893ffa2e32 -> 
  custom:video-decoder-ogg-theora: a1e56fd34408186e4bbccfd4996cb3dc -> 
  custom:container-muxer-webm: aa71ff27fc2769a1b78a27578f13a17b -> 
  custom:container-demuxer-webm: 4f35f7cbe854078d1ac9338744f61a02 -> 
  custom:container-demuxer-ogg: 62fdf1f143b41e24485cea50d1cbac27 -> 
  custom:video-encoder-webm-vp8: eb34c28f22e8b96e1ab97ce403110664 -> 
  custom:video-decoder-webm-vp8: 9c59270c3fd7afecdb556c50c9e8de78 -> 
  custom:audio-decoder-ogg-vorbis: bf7c407c2cedff20999df2af8eb42d56 -> 
  custom:audio-encoder-webm-vorbis: bf7c407c2cedff20999df2af8eb42d56 -> 
========================================================================
Received Prepare
Registering precompiled user dll's ...
Registered in 0.002697 seconds.
Begin MonoManager ReloadAssembly
Native extension for WindowsStandalone target not found
Refreshing native plugins compatible for Editor in 0.91 ms, found 3 plugins.
Preloading 0 native plugins for Editor in 0.00 ms.
Mono: successfully reloaded assembly
- Completed reload, in  1.245 seconds
Domain Reload Profiling:
	ReloadAssembly (1246ms)
		BeginReloadAssembly (122ms)
			ExecutionOrderSort (0ms)
			DisableScriptedObjects (7ms)
			BackupInstance (0ms)
			ReleaseScriptingObjects (0ms)
			CreateAndSetChildDomain (37ms)
		EndReloadAssembly (1042ms)
			LoadAssemblies (106ms)
			RebuildTransferFunctionScriptingTraits (0ms)
			SetupTypeCache (393ms)
			ReleaseScriptCaches (1ms)
			RebuildScriptCaches (57ms)
			SetupLoadedEditorAssemblies (339ms)
				LogAssemblyErrors (0ms)
				InitializePlatformSupportModulesInManaged (6ms)
				SetLoadedEditorAssemblies (0ms)
				RefreshPlugins (1ms)
				BeforeProcessingInitializeOnLoad (72ms)
				ProcessInitializeOnLoadAttributes (239ms)
				ProcessInitializeOnLoadMethodAttributes (10ms)
				AfterProcessingInitializeOnLoad (10ms)
				EditorAssembliesLoaded (0ms)
			ExecutionOrderSort2 (0ms)
			AwakeInstancesAfterBackupRestoration (11ms)
Platform modules already initialized, skipping
Refreshing native plugins compatible for Editor in 0.55 ms, found 3 plugins.
Preloading 0 native plugins for Editor in 0.00 ms.
Unloading 2132 Unused Serialized files (Serialized files now loaded: 0)
System memory in use before: 97.9 MB.
System memory in use after: 98.0 MB.

Unloading 14 unused Assets to reduce memory usage. Loaded Objects now: 2628.
Total: 3.584300 ms (FindLiveObjects: 0.212000 ms CreateObjectMapping: 0.102800 ms MarkObjects: 3.221800 ms  DeleteObjects: 0.046600 ms)

AssetImportParameters requested are different than current active one (requested -> active):
  custom:framework-win-MediaFoundation: 216162199b28c13a410421893ffa2e32 -> 
  custom:video-decoder-ogg-theora: a1e56fd34408186e4bbccfd4996cb3dc -> 
  custom:container-muxer-webm: aa71ff27fc2769a1b78a27578f13a17b -> 
  custom:container-demuxer-webm: 4f35f7cbe854078d1ac9338744f61a02 -> 
  custom:container-demuxer-ogg: 62fdf1f143b41e24485cea50d1cbac27 -> 
  custom:video-encoder-webm-vp8: eb34c28f22e8b96e1ab97ce403110664 -> 
  custom:video-decoder-webm-vp8: 9c59270c3fd7afecdb556c50c9e8de78 -> 
  custom:audio-decoder-ogg-vorbis: bf7c407c2cedff20999df2af8eb42d56 -> 
  custom:audio-encoder-webm-vorbis: bf7c407c2cedff20999df2af8eb42d56 -> 
========================================================================
Received Prepare
Registering precompiled user dll's ...
Registered in 0.005785 seconds.
Begin MonoManager ReloadAssembly
Native extension for WindowsStandalone target not found
Refreshing native plugins compatible for Editor in 0.44 ms, found 3 plugins.
Preloading 0 native plugins for Editor in 0.00 ms.
Mono: successfully reloaded assembly
- Completed reload, in  1.069 seconds
Domain Reload Profiling:
	ReloadAssembly (1070ms)
		BeginReloadAssembly (131ms)
			ExecutionOrderSort (0ms)
			DisableScriptedObjects (7ms)
			BackupInstance (0ms)
			ReleaseScriptingObjects (0ms)
			CreateAndSetChildDomain (36ms)
		EndReloadAssembly (864ms)
			LoadAssemblies (103ms)
			RebuildTransferFunctionScriptingTraits (0ms)
			SetupTypeCache (297ms)
			ReleaseScriptCaches (1ms)
			RebuildScriptCaches (44ms)
			SetupLoadedEditorAssemblies (309ms)
				LogAssemblyErrors (0ms)
				InitializePlatformSupportModulesInManaged (5ms)
				SetLoadedEditorAssemblies (1ms)
				RefreshPlugins (1ms)
				BeforeProcessingInitializeOnLoad (62ms)
				ProcessInitializeOnLoadAttributes (223ms)
				ProcessInitializeOnLoadMethodAttributes (7ms)
				AfterProcessingInitializeOnLoad (12ms)
				EditorAssembliesLoaded (0ms)
			ExecutionOrderSort2 (0ms)
			AwakeInstancesAfterBackupRestoration (12ms)
Platform modules already initialized, skipping
Refreshing native plugins compatible for Editor in 0.56 ms, found 3 plugins.
Preloading 0 native plugins for Editor in 0.00 ms.
Unloading 2132 Unused Serialized files (Serialized files now loaded: 0)
System memory in use before: 97.9 MB.
System memory in use after: 98.0 MB.

Unloading 14 unused Assets to reduce memory usage. Loaded Objects now: 2631.
Total: 3.514700 ms (FindLiveObjects: 0.214400 ms CreateObjectMapping: 0.076800 ms MarkObjects: 3.174900 ms  DeleteObjects: 0.047400 ms)

AssetImportParameters requested are different than current active one (requested -> active):
  custom:framework-win-MediaFoundation: 216162199b28c13a410421893ffa2e32 -> 
  custom:video-decoder-ogg-theora: a1e56fd34408186e4bbccfd4996cb3dc -> 
  custom:container-muxer-webm: aa71ff27fc2769a1b78a27578f13a17b -> 
  custom:container-demuxer-webm: 4f35f7cbe854078d1ac9338744f61a02 -> 
  custom:container-demuxer-ogg: 62fdf1f143b41e24485cea50d1cbac27 -> 
  custom:video-encoder-webm-vp8: eb34c28f22e8b96e1ab97ce403110664 -> 
  custom:video-decoder-webm-vp8: 9c59270c3fd7afecdb556c50c9e8de78 -> 
  custom:audio-decoder-ogg-vorbis: bf7c407c2cedff20999df2af8eb42d56 -> 
  custom:audio-encoder-webm-vorbis: bf7c407c2cedff20999df2af8eb42d56 -> 
AssetImportWorkerClient::OnTransportError - code=2 error=End of file
